<?xml version="1.0" encoding="UTF-8"?>
<testsuite xmlns:xsi="http://www.w3.org/2001/XMLSchema-instance" xsi:noNamespaceSchemaLocation="https://maven.apache.org/surefire/maven-surefire-plugin/xsd/surefire-test-report-3.0.xsd" version="3.0" name="com.wangxu.testdemo.TestDemoApplicationTests" time="19.386" tests="1" errors="0" skipped="0" failures="0">
  <properties>
[...]
</properties>
  <testcase name="contextLoads" classname="com.wangxu.testdemo.TestDemoApplicationTests" time="13.41">
    <system-out><![CDATA[10:32:17.282 [main] INFO org.springframework.test.context.support.AnnotationConfigContextLoaderUtils -- Could not detect default configuration classes for test class [com.wangxu.testdemo.TestDemoApplicationTests]: TestDemoApplicationTests does not declare any static, non-private, non-final, nested classes annotated with @Configuration.
10:32:17.666 [main] INFO org.springframework.boot.test.context.SpringBootTestContextBootstrapper -- Found @SpringBootConfiguration com.wangxu.testdemo.TestDemoApplication for test class com.wangxu.testdemo.TestDemoApplicationTests

  .   ____          _            __ _ _
 /\\ / ___'_ __ _ _(_)_ __  __ _ \ \ \ \
( ( )\___ | '_ | '_| | '_ \/ _` | \ \ \ \
 \\/  ___)| |_)| | | | | || (_| |  ) ) ) )
  '  |____| .__|_| |_|_| |_\__, | / / / /
 =========|_|==============|___/=/_/_/_/

 :: Spring Boot ::                (v3.3.5)

2025-10-01T10:32:19.115+08:00  INFO 8316 --- [test-demo] [           main] c.w.testdemo.TestDemoApplicationTests    : Starting TestDemoApplicationTests using Java 17.0.12 with PID 8316 (started by wangxu in C:\wangxu\proj\2025\learnsboot\test-demo)
2025-10-01T10:32:19.119+08:00  INFO 8316 --- [test-demo] [           main] c.w.testdemo.TestDemoApplicationTests    : No active profile set, falling back to 1 default profile: "default"
2025-10-01T10:32:22.259+08:00  INFO 8316 --- [test-demo] [           main] c.w.testdemo.TestDemoApplicationTests    : Started TestDemoApplicationTests in 4.131 seconds (process running for 7.055)
]]></system-out>
  </testcase>
</testsuite>